<?xml version="1.0" encoding="UTF-8"?>
<!-- Generated by org.testng.reporters.JUnitReportReporter -->
<testsuite hostname="DESKTOP-1JN180J" failures="0" tests="2" name="FirstProgram" time="3.799" errors="0" timestamp="2023-04-21T05:49:30 IST" skipped="1">
  <testcase classname="FirstProgram" name="m2" time="3.799"/>
  <system-out/>
  <testcase classname="FirstProgram" name="m1">
    <skipped/>
  </testcase> <!-- m1 -->
  <system-out/>
</testsuite> <!-- FirstProgram -->
