<?xml version="1.0" encoding="UTF-8"?>
<!-- Generated by org.testng.reporters.JUnitReportReporter -->
<testsuite hostname="DESKTOP-1JN180J" failures="0" tests="1" name="ComplexJsonParse" time="1.062" errors="0" timestamp="2023-04-23T05:48:17 IST" skipped="0">
  <testcase classname="ComplexJsonParse" name="printJson" time="1.062"/>
  <system-out/>
</testsuite> <!-- ComplexJsonParse -->
