<?xml version="1.0" encoding="UTF-8"?>
<!-- Generated by org.testng.reporters.JUnitReportReporter -->
<testsuite hostname="DESKTOP-1JN180J" failures="0" tests="6" name="DynamicJson" time="2.730" errors="0" timestamp="2023-04-25T06:32:11 IST" skipped="0">
  <testcase classname="DynamicJson" name="addBook" time="0.197"/>
  <system-out/>
  <testcase classname="DynamicJson" name="deleteBook" time="0.162"/>
  <system-out/>
  <testcase classname="DynamicJson" name="addBook" time="0.157"/>
  <system-out/>
  <testcase classname="DynamicJson" name="deleteBook" time="0.166"/>
  <system-out/>
  <testcase classname="DynamicJson" name="deleteBook" time="0.174"/>
  <system-out/>
  <testcase classname="DynamicJson" name="addBook" time="1.874"/>
  <system-out/>
</testsuite> <!-- DynamicJson -->
