<?xml version="1.0" encoding="UTF-8"?>
<!-- Generated by org.testng.reporters.JUnitReportReporter -->
<testsuite hostname="DESKTOP-1JN180J" failures="0" tests="1" name="JsonFromFile" time="7.101" errors="0" timestamp="2023-04-25T07:02:18 IST" skipped="0">
  <testcase classname="JsonFromFile" name="m2" time="7.101"/>
  <system-out/>
</testsuite> <!-- JsonFromFile -->
