<?xml version="1.0" encoding="UTF-8"?>
<!-- Generated by org.testng.reporters.JUnitReportReporter -->
<testsuite hostname="DESKTOP-1JN180J" failures="0" tests="1" name="mapApi.SpecBuilderTest" time="1.512" errors="0" timestamp="2023-05-16T05:17:55 IST" skipped="0">
  <testcase classname="mapApi.SpecBuilderTest" name="map" time="1.512"/>
  <system-out/>
</testsuite> <!-- mapApi.SpecBuilderTest -->
