<?xml version="1.0" encoding="UTF-8"?>
<!-- Generated by org.testng.reporters.JUnitReportReporter -->
<testsuite hostname="DESKTOP-1JN180J" failures="0" tests="1" name="EcommerceApi.EcomApiTest" time="3.394" errors="0" timestamp="2023-05-24T07:28:09 IST" skipped="0">
  <testcase classname="EcommerceApi.EcomApiTest" name="login" time="3.394"/>
  <system-out/>
</testsuite> <!-- EcommerceApi.EcomApiTest -->
