<?xml version="1.0" encoding="UTF-8"?>
<!-- Generated by org.testng.reporters.JUnitReportReporter -->
<testsuite hostname="DESKTOP-1JN180J" failures="0" tests="1" name="OAuth2.OAuth2Test" time="20.534" errors="0" timestamp="2023-05-12T05:49:41 IST" skipped="0">
  <testcase classname="OAuth2.OAuth2Test" name="getResponse" time="20.534"/>
  <system-out/>
</testsuite> <!-- OAuth2.OAuth2Test -->
