<?xml version="1.0" encoding="UTF-8"?>
<!-- Generated by org.testng.reporters.JUnitReportReporter -->
<testsuite hostname="DESKTOP-1JN180J" failures="0" tests="1" name="mapApi.SerializeTest" time="1.728" errors="0" timestamp="2023-05-13T06:47:07 IST" skipped="0">
  <testcase classname="mapApi.SerializeTest" name="map" time="1.728"/>
  <system-out/>
</testsuite> <!-- mapApi.SerializeTest -->
