<?xml version="1.0" encoding="UTF-8"?>
<!-- Generated by org.testng.reporters.JUnitReportReporter -->
<testsuite hostname="DESKTOP-1JN180J" failures="0" tests="2" name="JiraAutomation.JiraTest" time="2.005" errors="0" timestamp="2023-04-27T05:58:34 IST" skipped="0">
  <testcase classname="JiraAutomation.JiraTest" name="loginJira" time="1.935"/>
  <system-out/>
  <testcase classname="JiraAutomation.JiraTest" name="addComment" time="0.070"/>
  <system-out/>
</testsuite> <!-- JiraAutomation.JiraTest -->
