<?xml version="1.0" encoding="UTF-8"?>
<!-- Generated by org.testng.reporters.JUnitReportReporter -->
<testsuite hostname="DESKTOP-1JN180J" failures="0" tests="1" name="OAuth2.OAuth2TestWithPojo" time="23.581" errors="0" timestamp="2023-05-12T06:56:55 IST" skipped="0">
  <testcase classname="OAuth2.OAuth2TestWithPojo" name="getResponse" time="23.581"/>
  <system-out/>
</testsuite> <!-- OAuth2.OAuth2TestWithPojo -->
