<?xml version="1.0" encoding="UTF-8"?>
<!-- Generated by org.testng.reporters.JUnitReportReporter -->
<testsuite hostname="DESKTOP-1JN180J" failures="0" tests="4" name="JiraAutomation.UsingSession" time="2.396" errors="0" timestamp="2023-04-27T06:32:05 IST" skipped="0">
  <testcase classname="JiraAutomation.UsingSession" name="loginJira" time="1.219"/>
  <system-out/>
  <testcase classname="JiraAutomation.UsingSession" name="addComment" time="0.629"/>
  <system-out/>
  <testcase classname="JiraAutomation.UsingSession" name="addAttachment" time="0.147"/>
  <system-out/>
  <testcase classname="JiraAutomation.UsingSession" name="getIssue" time="0.401"/>
  <system-out/>
</testsuite> <!-- JiraAutomation.UsingSession -->
